26-06-2018 10:05:32.307 [main] INFO  c.yxj.stocks.application.Application.logStarting - Starting Application on DESKTOP-AQ59HH0 with PID 3132 (C:\Users\liufs\IdeaProjects\stocksApp_Symbol\out\production\classes started by liufs in C:\Users\liufs\IdeaProjects\stocksApp_Symbol)
26-06-2018 10:05:32.354 [main] INFO  c.yxj.stocks.application.Application.logStartupProfileInfo - No active profile set, falling back to default profiles: default
26-06-2018 10:05:32.541 [main] INFO  o.s.b.w.s.c.AnnotationConfigServletWebServerApplicationContext.prepareRefresh - Refreshing org.springframework.boot.web.servlet.context.AnnotationConfigServletWebServerApplicationContext@1184ab05: startup date [Tue Jun 26 10:05:32 EDT 2018]; root of context hierarchy
26-06-2018 10:05:34.450 [main] INFO  o.s.d.r.c.RepositoryConfigurationDelegate.multipleStoresDetected - Multiple Spring Data modules found, entering strict repository configuration mode!
26-06-2018 10:05:35.608 [main] INFO  o.s.b.w.e.tomcat.TomcatWebServer.initialize - Tomcat initialized with port(s): 8080 (http)
26-06-2018 10:05:35.639 [main] INFO  o.a.catalina.core.StandardService.log - Starting service [Tomcat]
26-06-2018 10:05:35.639 [main] INFO  o.a.catalina.core.StandardEngine.log - Starting Servlet Engine: Apache Tomcat/8.5.31
26-06-2018 10:05:35.655 [localhost-startStop-1] INFO  o.a.c.core.AprLifecycleListener.log - The APR based Apache Tomcat Native library which allows optimal performance in production environments was not found on the java.library.path: [C:\Program Files\Java\jdk1.8.0_171\bin;C:\Windows\Sun\Java\bin;C:\Windows\system32;C:\Windows;C:\Program Files (x86)\Common Files\Oracle\Java\javapath;C:\Windows\system32;C:\Windows;C:\Windows\System32\Wbem;C:\Windows\System32\WindowsPowerShell\v1.0\;C:\Windows\System32\OpenSSH\;C:\Program Files\Git\cmd;C:\Users\liufs\AppData\Local\Microsoft\WindowsApps;C:\Program Files\Redis;;.]
26-06-2018 10:05:35.811 [localhost-startStop-1] INFO  o.a.c.c.C.[Tomcat].[localhost].[/].log - Initializing Spring embedded WebApplicationContext
26-06-2018 10:05:35.811 [localhost-startStop-1] INFO  o.s.web.context.ContextLoader.prepareWebApplicationContext - Root WebApplicationContext: initialization completed in 3270 ms
26-06-2018 10:05:36.079 [localhost-startStop-1] INFO  o.s.b.w.s.FilterRegistrationBean.configure - Mapping filter: 'characterEncodingFilter' to: [/*]
26-06-2018 10:05:36.079 [localhost-startStop-1] INFO  o.s.b.w.s.FilterRegistrationBean.configure - Mapping filter: 'hiddenHttpMethodFilter' to: [/*]
26-06-2018 10:05:36.079 [localhost-startStop-1] INFO  o.s.b.w.s.FilterRegistrationBean.configure - Mapping filter: 'httpPutFormContentFilter' to: [/*]
26-06-2018 10:05:36.079 [localhost-startStop-1] INFO  o.s.b.w.s.FilterRegistrationBean.configure - Mapping filter: 'requestContextFilter' to: [/*]
26-06-2018 10:05:36.079 [localhost-startStop-1] INFO  o.s.b.w.s.DelegatingFilterProxyRegistrationBean.configure - Mapping filter: 'springSecurityFilterChain' to: [/*]
26-06-2018 10:05:36.079 [localhost-startStop-1] INFO  o.s.b.w.s.ServletRegistrationBean.addRegistration - Servlet dispatcherServlet mapped to [/]
26-06-2018 10:05:37.170 [main] INFO  o.s.s.c.ThreadPoolTaskExecutor.initialize - Initializing ExecutorService 
26-06-2018 10:05:37.185 [main] INFO  o.s.s.c.ThreadPoolTaskExecutor.initialize - Initializing ExecutorService  'asyncExecutor'
26-06-2018 10:05:37.644 [main] INFO  o.s.w.s.m.m.a.RequestMappingHandlerMapping.register - Mapped "{[/news/{symbol}],methods=[GET],produces=[application/json]}" onto public org.springframework.http.ResponseEntity<com.yxj.stocks.application.payloads.GetNewsFeedResponsePayload> com.yxj.stocks.application.controllers.NewsFeedController.getNewsFeedBySymbol(java.lang.String,java.lang.String)
26-06-2018 10:05:37.644 [main] INFO  o.s.w.s.m.m.a.RequestMappingHandlerMapping.register - Mapped "{[/stockInfo/{symbol}],methods=[GET],produces=[application/json]}" onto public org.springframework.http.ResponseEntity<com.yxj.stocks.application.payloads.GetStockInfoResponsePayload> com.yxj.stocks.application.controllers.StockInfoController.getStockInfoBySymbol(java.lang.String,java.lang.String)
26-06-2018 10:05:37.644 [main] INFO  o.s.w.s.m.m.a.RequestMappingHandlerMapping.register - Mapped "{[/Symbols],methods=[POST]}" onto public org.springframework.http.ResponseEntity<com.yxj.stocks.application.payloads.CreateWatchListResponsePayload> com.yxj.stocks.application.controllers.SymbolsController.saveSymbols(com.yxj.stocks.application.payloads.SymbolsRequestPayload)
26-06-2018 10:05:37.644 [main] INFO  o.s.w.s.m.m.a.RequestMappingHandlerMapping.register - Mapped "{[/userPreferences],methods=[POST]}" onto public org.springframework.http.ResponseEntity<com.yxj.stocks.application.payloads.CreateWatchListResponsePayload> com.yxj.stocks.application.controllers.UserPreferencesController.saveUserPreferences(com.yxj.stocks.application.payloads.UserPreferencesRequestPayload)
26-06-2018 10:05:37.660 [main] INFO  o.s.w.s.m.m.a.RequestMappingHandlerMapping.register - Mapped "{[/watchList/{id}],methods=[GET],produces=[application/json]}" onto public org.springframework.http.ResponseEntity<com.yxj.stocks.application.payloads.GetWatchListResponsePayload> com.yxj.stocks.application.controllers.WatchListController.getWatchListStockInfo(int)
26-06-2018 10:05:37.660 [main] INFO  o.s.w.s.m.m.a.RequestMappingHandlerMapping.register - Mapped "{[/watchList],methods=[POST]}" onto public org.springframework.http.ResponseEntity<com.yxj.stocks.application.payloads.CreateWatchListResponsePayload> com.yxj.stocks.application.controllers.WatchListController.createWatchList(com.yxj.stocks.application.payloads.CreateWatchListRequestPayload)
26-06-2018 10:05:37.660 [main] INFO  o.s.w.s.m.m.a.RequestMappingHandlerMapping.register - Mapped "{[/watchList],methods=[PUT]}" onto public org.springframework.http.ResponseEntity com.yxj.stocks.application.controllers.WatchListController.updateWatchList(com.yxj.stocks.application.payloads.UpdateWatchListRequestPayload)
26-06-2018 10:05:37.660 [main] INFO  o.s.w.s.m.m.a.RequestMappingHandlerMapping.register - Mapped "{[/swagger-resources/configuration/ui]}" onto public org.springframework.http.ResponseEntity<springfox.documentation.swagger.web.UiConfiguration> springfox.documentation.swagger.web.ApiResourceController.uiConfiguration()
26-06-2018 10:05:37.660 [main] INFO  o.s.w.s.m.m.a.RequestMappingHandlerMapping.register - Mapped "{[/swagger-resources]}" onto public org.springframework.http.ResponseEntity<java.util.List<springfox.documentation.swagger.web.SwaggerResource>> springfox.documentation.swagger.web.ApiResourceController.swaggerResources()
26-06-2018 10:05:37.676 [main] INFO  o.s.w.s.m.m.a.RequestMappingHandlerMapping.register - Mapped "{[/swagger-resources/configuration/security]}" onto public org.springframework.http.ResponseEntity<springfox.documentation.swagger.web.SecurityConfiguration> springfox.documentation.swagger.web.ApiResourceController.securityConfiguration()
26-06-2018 10:05:37.676 [main] INFO  o.s.w.s.m.m.a.RequestMappingHandlerMapping.register - Mapped "{[/error]}" onto public org.springframework.http.ResponseEntity<java.util.Map<java.lang.String, java.lang.Object>> org.springframework.boot.autoconfigure.web.servlet.error.BasicErrorController.error(javax.servlet.http.HttpServletRequest)
26-06-2018 10:05:37.676 [main] INFO  o.s.w.s.m.m.a.RequestMappingHandlerMapping.register - Mapped "{[/error],produces=[text/html]}" onto public org.springframework.web.servlet.ModelAndView org.springframework.boot.autoconfigure.web.servlet.error.BasicErrorController.errorHtml(javax.servlet.http.HttpServletRequest,javax.servlet.http.HttpServletResponse)
26-06-2018 10:05:38.148 [main] INFO  o.s.s.web.DefaultSecurityFilterChain.<init> - Creating filter chain: org.springframework.security.web.util.matcher.AnyRequestMatcher@1, [org.springframework.security.web.context.request.async.WebAsyncManagerIntegrationFilter@2ddb3ae8, org.springframework.security.web.context.SecurityContextPersistenceFilter@3ebe4ccc, org.springframework.security.web.header.HeaderWriterFilter@1f67761b, org.springframework.security.web.authentication.logout.LogoutFilter@47b11ec7, org.springframework.security.web.authentication.www.BasicAuthenticationFilter@6dc9da2d, org.springframework.security.web.savedrequest.RequestCacheAwareFilter@135a8c6f, org.springframework.security.web.servletapi.SecurityContextHolderAwareRequestFilter@56b859a6, org.springframework.security.web.authentication.AnonymousAuthenticationFilter@79518e00, org.springframework.security.web.session.SessionManagementFilter@3a8d467e, org.springframework.security.web.access.ExceptionTranslationFilter@7a45d714, org.springframework.security.web.access.intercept.FilterSecurityInterceptor@1fc713c9]
26-06-2018 10:05:38.226 [main] INFO  s.d.s.w.PropertySourcedRequestMappingHandlerMapping.initHandlerMethods - Mapped URL path [/v2/api-docs] onto method [public org.springframework.http.ResponseEntity<springfox.documentation.spring.web.json.Json> springfox.documentation.swagger2.web.Swagger2Controller.getDocumentation(java.lang.String,javax.servlet.http.HttpServletRequest)]
26-06-2018 10:05:38.382 [main] INFO  o.s.w.s.h.SimpleUrlHandlerMapping.registerHandler - Mapped URL path [/**/favicon.ico] onto handler of type [class org.springframework.web.servlet.resource.ResourceHttpRequestHandler]
26-06-2018 10:05:38.648 [main] INFO  o.s.w.s.m.m.a.RequestMappingHandlerAdapter.initControllerAdviceCache - Looking for @ControllerAdvice: org.springframework.boot.web.servlet.context.AnnotationConfigServletWebServerApplicationContext@1184ab05: startup date [Tue Jun 26 10:05:32 EDT 2018]; root of context hierarchy
26-06-2018 10:05:38.726 [main] INFO  o.s.w.s.h.SimpleUrlHandlerMapping.registerHandler - Mapped URL path [/webjars/**] onto handler of type [class org.springframework.web.servlet.resource.ResourceHttpRequestHandler]
26-06-2018 10:05:38.726 [main] INFO  o.s.w.s.h.SimpleUrlHandlerMapping.registerHandler - Mapped URL path [/**] onto handler of type [class org.springframework.web.servlet.resource.ResourceHttpRequestHandler]
26-06-2018 10:05:39.085 [main] INFO  o.s.b.a.s.s.UserDetailsServiceAutoConfiguration.getOrDeducePassword - 

Using generated security password: ad53c9cb-17b3-4e98-a03c-b9cd6b7e413e

26-06-2018 10:05:39.164 [main] INFO  o.s.j.e.a.AnnotationMBeanExporter.afterSingletonsInstantiated - Registering beans for JMX exposure on startup
26-06-2018 10:05:39.179 [main] INFO  o.s.c.s.DefaultLifecycleProcessor.start - Starting beans in phase 2147483647
26-06-2018 10:05:39.179 [main] INFO  s.d.s.w.p.DocumentationPluginsBootstrapper.start - Context refreshed
26-06-2018 10:05:39.226 [main] INFO  s.d.s.w.p.DocumentationPluginsBootstrapper.start - Found 1 custom documentation plugin(s)
26-06-2018 10:05:39.289 [main] INFO  s.d.s.w.s.ApiListingReferenceScanner.scan - Scanning for api listing references
26-06-2018 10:05:39.664 [main] INFO  o.s.b.w.e.tomcat.TomcatWebServer.start - Tomcat started on port(s): 8080 (http) with context path ''
26-06-2018 10:05:39.679 [main] INFO  c.yxj.stocks.application.Application.logStarted - Started Application in 8.213 seconds (JVM running for 9.268)
26-06-2018 10:06:11.072 [http-nio-8080-exec-9] INFO  o.a.c.c.C.[Tomcat].[localhost].[/].log - Initializing Spring FrameworkServlet 'dispatcherServlet'
26-06-2018 10:06:11.073 [http-nio-8080-exec-9] INFO  o.s.web.servlet.DispatcherServlet.initServletBean - FrameworkServlet 'dispatcherServlet': initialization started
26-06-2018 10:06:11.099 [http-nio-8080-exec-9] INFO  o.s.web.servlet.DispatcherServlet.initServletBean - FrameworkServlet 'dispatcherServlet': initialization completed in 26 ms
26-06-2018 10:11:03.572 [main] INFO  c.yxj.stocks.application.Application.logStarting - Starting Application on DESKTOP-AQ59HH0 with PID 6780 (C:\Users\liufs\IdeaProjects\stocksApp_Symbol\out\production\classes started by liufs in C:\Users\liufs\IdeaProjects\stocksApp_Symbol)
26-06-2018 10:11:03.572 [main] INFO  c.yxj.stocks.application.Application.logStartupProfileInfo - No active profile set, falling back to default profiles: default
26-06-2018 10:11:03.681 [main] INFO  o.s.b.w.s.c.AnnotationConfigServletWebServerApplicationContext.prepareRefresh - Refreshing org.springframework.boot.web.servlet.context.AnnotationConfigServletWebServerApplicationContext@ef9296d: startup date [Tue Jun 26 10:11:03 EDT 2018]; root of context hierarchy
26-06-2018 10:11:05.738 [main] INFO  o.s.d.r.c.RepositoryConfigurationDelegate.multipleStoresDetected - Multiple Spring Data modules found, entering strict repository configuration mode!
26-06-2018 10:11:06.832 [main] INFO  o.s.b.w.e.tomcat.TomcatWebServer.initialize - Tomcat initialized with port(s): 8080 (http)
26-06-2018 10:11:06.878 [main] INFO  o.a.catalina.core.StandardService.log - Starting service [Tomcat]
26-06-2018 10:11:06.878 [main] INFO  o.a.catalina.core.StandardEngine.log - Starting Servlet Engine: Apache Tomcat/8.5.31
26-06-2018 10:11:06.878 [localhost-startStop-1] INFO  o.a.c.core.AprLifecycleListener.log - The APR based Apache Tomcat Native library which allows optimal performance in production environments was not found on the java.library.path: [C:\Program Files\Java\jdk1.8.0_171\bin;C:\Windows\Sun\Java\bin;C:\Windows\system32;C:\Windows;C:\Program Files (x86)\Common Files\Oracle\Java\javapath;C:\Windows\system32;C:\Windows;C:\Windows\System32\Wbem;C:\Windows\System32\WindowsPowerShell\v1.0\;C:\Windows\System32\OpenSSH\;C:\Program Files\Git\cmd;C:\Users\liufs\AppData\Local\Microsoft\WindowsApps;C:\Program Files\Redis;;.]
26-06-2018 10:11:07.035 [localhost-startStop-1] INFO  o.a.c.c.C.[Tomcat].[localhost].[/].log - Initializing Spring embedded WebApplicationContext
26-06-2018 10:11:07.035 [localhost-startStop-1] INFO  o.s.web.context.ContextLoader.prepareWebApplicationContext - Root WebApplicationContext: initialization completed in 3354 ms
26-06-2018 10:11:07.269 [localhost-startStop-1] INFO  o.s.b.w.s.FilterRegistrationBean.configure - Mapping filter: 'characterEncodingFilter' to: [/*]
26-06-2018 10:11:07.269 [localhost-startStop-1] INFO  o.s.b.w.s.FilterRegistrationBean.configure - Mapping filter: 'hiddenHttpMethodFilter' to: [/*]
26-06-2018 10:11:07.269 [localhost-startStop-1] INFO  o.s.b.w.s.FilterRegistrationBean.configure - Mapping filter: 'httpPutFormContentFilter' to: [/*]
26-06-2018 10:11:07.269 [localhost-startStop-1] INFO  o.s.b.w.s.FilterRegistrationBean.configure - Mapping filter: 'requestContextFilter' to: [/*]
26-06-2018 10:11:07.269 [localhost-startStop-1] INFO  o.s.b.w.s.DelegatingFilterProxyRegistrationBean.configure - Mapping filter: 'springSecurityFilterChain' to: [/*]
26-06-2018 10:11:07.269 [localhost-startStop-1] INFO  o.s.b.w.s.ServletRegistrationBean.addRegistration - Servlet dispatcherServlet mapped to [/]
26-06-2018 10:11:08.261 [main] INFO  o.s.s.c.ThreadPoolTaskExecutor.initialize - Initializing ExecutorService 
26-06-2018 10:11:08.261 [main] INFO  o.s.s.c.ThreadPoolTaskExecutor.initialize - Initializing ExecutorService  'asyncExecutor'
26-06-2018 10:11:08.668 [main] INFO  o.s.w.s.m.m.a.RequestMappingHandlerMapping.register - Mapped "{[/news/{symbol}],methods=[GET],produces=[application/json]}" onto public org.springframework.http.ResponseEntity<com.yxj.stocks.application.payloads.GetNewsFeedResponsePayload> com.yxj.stocks.application.controllers.NewsFeedController.getNewsFeedBySymbol(java.lang.String,java.lang.String)
26-06-2018 10:11:08.683 [main] INFO  o.s.w.s.m.m.a.RequestMappingHandlerMapping.register - Mapped "{[/stockInfo/{symbol}],methods=[GET],produces=[application/json]}" onto public org.springframework.http.ResponseEntity<com.yxj.stocks.application.payloads.GetStockInfoResponsePayload> com.yxj.stocks.application.controllers.StockInfoController.getStockInfoBySymbol(java.lang.String,java.lang.String)
26-06-2018 10:11:08.683 [main] INFO  o.s.w.s.m.m.a.RequestMappingHandlerMapping.register - Mapped "{[/Symbols],methods=[POST]}" onto public org.springframework.http.ResponseEntity<com.yxj.stocks.application.payloads.CreateWatchListResponsePayload> com.yxj.stocks.application.controllers.SymbolsController.saveSymbols(com.yxj.stocks.application.payloads.SymbolsRequestPayload)
26-06-2018 10:11:08.683 [main] INFO  o.s.w.s.m.m.a.RequestMappingHandlerMapping.register - Mapped "{[/userPreferences],methods=[POST]}" onto public org.springframework.http.ResponseEntity<com.yxj.stocks.application.payloads.CreateWatchListResponsePayload> com.yxj.stocks.application.controllers.UserPreferencesController.saveUserPreferences(com.yxj.stocks.application.payloads.UserPreferencesRequestPayload)
26-06-2018 10:11:08.683 [main] INFO  o.s.w.s.m.m.a.RequestMappingHandlerMapping.register - Mapped "{[/watchList],methods=[PUT]}" onto public org.springframework.http.ResponseEntity com.yxj.stocks.application.controllers.WatchListController.updateWatchList(com.yxj.stocks.application.payloads.UpdateWatchListRequestPayload)
26-06-2018 10:11:08.683 [main] INFO  o.s.w.s.m.m.a.RequestMappingHandlerMapping.register - Mapped "{[/watchList/{id}],methods=[GET],produces=[application/json]}" onto public org.springframework.http.ResponseEntity<com.yxj.stocks.application.payloads.GetWatchListResponsePayload> com.yxj.stocks.application.controllers.WatchListController.getWatchListStockInfo(int)
26-06-2018 10:11:08.699 [main] INFO  o.s.w.s.m.m.a.RequestMappingHandlerMapping.register - Mapped "{[/watchList],methods=[POST]}" onto public org.springframework.http.ResponseEntity<com.yxj.stocks.application.payloads.CreateWatchListResponsePayload> com.yxj.stocks.application.controllers.WatchListController.createWatchList(com.yxj.stocks.application.payloads.CreateWatchListRequestPayload)
26-06-2018 10:11:08.699 [main] INFO  o.s.w.s.m.m.a.RequestMappingHandlerMapping.register - Mapped "{[/swagger-resources]}" onto public org.springframework.http.ResponseEntity<java.util.List<springfox.documentation.swagger.web.SwaggerResource>> springfox.documentation.swagger.web.ApiResourceController.swaggerResources()
26-06-2018 10:11:08.699 [main] INFO  o.s.w.s.m.m.a.RequestMappingHandlerMapping.register - Mapped "{[/swagger-resources/configuration/ui]}" onto public org.springframework.http.ResponseEntity<springfox.documentation.swagger.web.UiConfiguration> springfox.documentation.swagger.web.ApiResourceController.uiConfiguration()
26-06-2018 10:11:08.699 [main] INFO  o.s.w.s.m.m.a.RequestMappingHandlerMapping.register - Mapped "{[/swagger-resources/configuration/security]}" onto public org.springframework.http.ResponseEntity<springfox.documentation.swagger.web.SecurityConfiguration> springfox.documentation.swagger.web.ApiResourceController.securityConfiguration()
26-06-2018 10:11:08.714 [main] INFO  o.s.w.s.m.m.a.RequestMappingHandlerMapping.register - Mapped "{[/error]}" onto public org.springframework.http.ResponseEntity<java.util.Map<java.lang.String, java.lang.Object>> org.springframework.boot.autoconfigure.web.servlet.error.BasicErrorController.error(javax.servlet.http.HttpServletRequest)
26-06-2018 10:11:08.714 [main] INFO  o.s.w.s.m.m.a.RequestMappingHandlerMapping.register - Mapped "{[/error],produces=[text/html]}" onto public org.springframework.web.servlet.ModelAndView org.springframework.boot.autoconfigure.web.servlet.error.BasicErrorController.errorHtml(javax.servlet.http.HttpServletRequest,javax.servlet.http.HttpServletResponse)
26-06-2018 10:11:09.183 [main] INFO  o.s.s.web.DefaultSecurityFilterChain.<init> - Creating filter chain: org.springframework.security.web.util.matcher.AnyRequestMatcher@1, [org.springframework.security.web.context.request.async.WebAsyncManagerIntegrationFilter@79518e00, org.springframework.security.web.context.SecurityContextPersistenceFilter@6ed043d3, org.springframework.security.web.header.HeaderWriterFilter@5a034157, org.springframework.security.web.authentication.logout.LogoutFilter@58fa5769, org.springframework.security.web.authentication.www.BasicAuthenticationFilter@1d408060, org.springframework.security.web.savedrequest.RequestCacheAwareFilter@6419a0e1, org.springframework.security.web.servletapi.SecurityContextHolderAwareRequestFilter@590adb41, org.springframework.security.web.authentication.AnonymousAuthenticationFilter@3c91530d, org.springframework.security.web.session.SessionManagementFilter@141d3d43, org.springframework.security.web.access.ExceptionTranslationFilter@4483d35, org.springframework.security.web.access.intercept.FilterSecurityInterceptor@7301eebe]
26-06-2018 10:11:09.246 [main] INFO  s.d.s.w.PropertySourcedRequestMappingHandlerMapping.initHandlerMethods - Mapped URL path [/v2/api-docs] onto method [public org.springframework.http.ResponseEntity<springfox.documentation.spring.web.json.Json> springfox.documentation.swagger2.web.Swagger2Controller.getDocumentation(java.lang.String,javax.servlet.http.HttpServletRequest)]
26-06-2018 10:11:09.355 [main] INFO  o.s.w.s.h.SimpleUrlHandlerMapping.registerHandler - Mapped URL path [/**/favicon.ico] onto handler of type [class org.springframework.web.servlet.resource.ResourceHttpRequestHandler]
26-06-2018 10:11:09.563 [main] INFO  o.s.w.s.m.m.a.RequestMappingHandlerAdapter.initControllerAdviceCache - Looking for @ControllerAdvice: org.springframework.boot.web.servlet.context.AnnotationConfigServletWebServerApplicationContext@ef9296d: startup date [Tue Jun 26 10:11:03 EDT 2018]; root of context hierarchy
26-06-2018 10:11:09.626 [main] INFO  o.s.w.s.h.SimpleUrlHandlerMapping.registerHandler - Mapped URL path [/webjars/**] onto handler of type [class org.springframework.web.servlet.resource.ResourceHttpRequestHandler]
26-06-2018 10:11:09.626 [main] INFO  o.s.w.s.h.SimpleUrlHandlerMapping.registerHandler - Mapped URL path [/**] onto handler of type [class org.springframework.web.servlet.resource.ResourceHttpRequestHandler]
26-06-2018 10:11:09.923 [main] INFO  o.s.b.a.s.s.UserDetailsServiceAutoConfiguration.getOrDeducePassword - 

Using generated security password: 638344e2-73d6-4736-aba2-cc8fccd7ceb4

26-06-2018 10:11:10.001 [main] INFO  o.s.j.e.a.AnnotationMBeanExporter.afterSingletonsInstantiated - Registering beans for JMX exposure on startup
26-06-2018 10:11:10.016 [main] INFO  o.s.c.s.DefaultLifecycleProcessor.start - Starting beans in phase 2147483647
26-06-2018 10:11:10.016 [main] INFO  s.d.s.w.p.DocumentationPluginsBootstrapper.start - Context refreshed
26-06-2018 10:11:10.048 [main] INFO  s.d.s.w.p.DocumentationPluginsBootstrapper.start - Found 1 custom documentation plugin(s)
26-06-2018 10:11:10.094 [main] INFO  s.d.s.w.s.ApiListingReferenceScanner.scan - Scanning for api listing references
26-06-2018 10:11:10.407 [main] INFO  o.s.b.w.e.tomcat.TomcatWebServer.start - Tomcat started on port(s): 8080 (http) with context path ''
26-06-2018 10:11:10.422 [main] INFO  c.yxj.stocks.application.Application.logStarted - Started Application in 7.563 seconds (JVM running for 8.361)
